<?xml version="1.0" encoding="UTF-8"?>
<robot generator="Robot 3.2.2 (Python 3.8.0 on win32)" generated="20210125 16:00:42.140" rpa="false">
<suite id="s1" name="Program" source="C:\Users\UC267873\PycharmProjects\RobotFrameWork\tests\program.robot">
<test id="s1-t1" name="Testcases1">
<kw name="Open Browser" library="SeleniumLibrary">
<doc>Opens a new browser instance to the optional ``url``.</doc>
<arguments>
<arg>${URl}</arg>
<arg>${browser}</arg>
</arguments>
<msg timestamp="20210125 16:00:42.758" level="INFO">Opening browser 'gc' to base url 'https://demo.nopcommerce.com/'.</msg>
<status status="PASS" starttime="20210125 16:00:42.757" endtime="20210125 16:00:49.748"></status>
</kw>
<kw name="Login page">
<kw name="Click Link" library="SeleniumLibrary">
<doc>Clicks a link identified by ``locator``.</doc>
<arguments>
<arg>xpath:/html/body/div[6]/div[1]/div[1]/div[2]/div[1]/ul/li[2]/a</arg>
</arguments>
<msg timestamp="20210125 16:00:49.751" level="INFO">Clicking link 'xpath:/html/body/div[6]/div[1]/div[1]/div[2]/div[1]/ul/li[2]/a'.</msg>
<status status="PASS" starttime="20210125 16:00:49.751" endtime="20210125 16:00:52.077"></status>
</kw>
<kw name="Input Text" library="SeleniumLibrary">
<doc>Types the given ``text`` into the text field identified by ``locator``.</doc>
<arguments>
<arg>id:Email</arg>
<arg>kireetinayak@gmail.com</arg>
</arguments>
<msg timestamp="20210125 16:00:52.078" level="INFO">Typing text 'kireetinayak@gmail.com' into text field 'id:Email'.</msg>
<status status="PASS" starttime="20210125 16:00:52.078" endtime="20210125 16:00:52.508"></status>
</kw>
<kw name="Input Text" library="SeleniumLibrary">
<doc>Types the given ``text`` into the text field identified by ``locator``.</doc>
<arguments>
<arg>id:Password</arg>
<arg>kireeti</arg>
</arguments>
<msg timestamp="20210125 16:00:52.509" level="INFO">Typing text 'kireeti' into text field 'id:Password'.</msg>
<status status="PASS" starttime="20210125 16:00:52.509" endtime="20210125 16:00:52.880"></status>
</kw>
<kw name="Click Button" library="SeleniumLibrary">
<doc>Clicks the button identified by ``locator``.</doc>
<arguments>
<arg>xpath:/html/body/div[6]/div[3]/div/div/div/div[2]/div[1]/div[2]/form/div[3]/input</arg>
</arguments>
<msg timestamp="20210125 16:00:52.882" level="INFO">Clicking button 'xpath:/html/body/div[6]/div[3]/div/div/div/div[2]/div[1]/div[2]/form/div[3]/input'.</msg>
<status status="PASS" starttime="20210125 16:00:52.882" endtime="20210125 16:00:56.613"></status>
</kw>
<kw name="Sleep" library="BuiltIn">
<doc>Pauses the test executed for the given time.</doc>
<arguments>
<arg>3s</arg>
</arguments>
<msg timestamp="20210125 16:00:59.625" level="INFO">Slept 3 seconds</msg>
<status status="PASS" starttime="20210125 16:00:56.613" endtime="20210125 16:00:59.625"></status>
</kw>
<status status="PASS" starttime="20210125 16:00:49.749" endtime="20210125 16:00:59.625"></status>
</kw>
<kw name="Close Browser" library="SeleniumLibrary">
<doc>Closes the current browser.</doc>
<status status="PASS" starttime="20210125 16:00:59.626" endtime="20210125 16:01:02.065"></status>
</kw>
<status status="PASS" starttime="20210125 16:00:42.756" endtime="20210125 16:01:02.067" critical="yes"></status>
</test>
<status status="PASS" starttime="20210125 16:00:42.145" endtime="20210125 16:01:02.070"></status>
</suite>
<statistics>
<total>
<stat pass="1" fail="0">Critical Tests</stat>
<stat pass="1" fail="0">All Tests</stat>
</total>
<tag>
</tag>
<suite>
<stat pass="1" fail="0" id="s1" name="Program">Program</stat>
</suite>
</statistics>
<errors>
</errors>
</robot>
